<?xml version="1.0" encoding="UTF-8"?>
<testsuite xmlns:xsi="http://www.w3.org/2001/XMLSchema-instance" xsi:noNamespaceSchemaLocation="https://maven.apache.org/surefire/maven-surefire-plugin/xsd/surefire-test-report.xsd" version="3.0.2" name="com.example.h2.H2ApplicationTests" time="1.329" tests="1" errors="0" skipped="0" failures="0">
  <properties>
[...]
</properties>
  <testcase name="contextLoads" classname="com.example.h2.H2ApplicationTests" time="0.482">
    <system-out><![CDATA[15:52:35.739 [main] INFO org.springframework.test.context.support.AnnotationConfigContextLoaderUtils -- Could not detect default configuration classes for test class [com.example.h2.H2ApplicationTests]: H2ApplicationTests does not declare any static, non-private, non-final, nested classes annotated with @Configuration.
15:52:35.798 [main] INFO org.springframework.boot.test.context.SpringBootTestContextBootstrapper -- Found @SpringBootConfiguration com.example.h2.H2Application for test class com.example.h2.H2ApplicationTests

  .   ____          _            __ _ _
 /\\ / ___'_ __ _ _(_)_ __  __ _ \ \ \ \
( ( )\___ | '_ | '_| | '_ \/ _` | \ \ \ \
 \\/  ___)| |_)| | | | | || (_| |  ) ) ) )
  '  |____| .__|_| |_|_| |_\__, | / / / /
 =========|_|==============|___/=/_/_/_/

 :: Spring Boot ::                (v3.4.2)

2025-01-28T15:52:35.999+01:00  INFO 11652 --- [h2] [           main] com.example.h2.H2ApplicationTests        : Starting H2ApplicationTests using Java 23 with PID 11652 (started by roman in /Users/roman/Documents/Code/springh2)
2025-01-28T15:52:36.000+01:00  INFO 11652 --- [h2] [           main] com.example.h2.H2ApplicationTests        : No active profile set, falling back to 1 default profile: "default"
2025-01-28T15:52:36.364+01:00  INFO 11652 --- [h2] [           main] com.example.h2.H2ApplicationTests        : Started H2ApplicationTests in 0.504 seconds (process running for 1.009)
2025-01-28T15:52:36.369+01:00  INFO 11652 --- [h2] [           main] com.example.h2.H2Application             : HikariDataSource (null)
2025-01-28T15:52:36.371+01:00  INFO 11652 --- [h2] [           main] com.zaxxer.hikari.HikariDataSource       : HikariPool-1 - Starting...
2025-01-28T15:52:36.466+01:00  INFO 11652 --- [h2] [           main] com.zaxxer.hikari.pool.HikariPool        : HikariPool-1 - Added connection conn0: url=jdbc:h2:mem:4d1b269e-efb8-4c8f-8057-d2090513c159 user=SA
2025-01-28T15:52:36.467+01:00  INFO 11652 --- [h2] [           main] com.zaxxer.hikari.HikariDataSource       : HikariPool-1 - Start completed.
]]></system-out>
    <system-err><![CDATA[Mockito is currently self-attaching to enable the inline-mock-maker. This will no longer work in future releases of the JDK. Please add Mockito as an agent to your build what is described in Mockito's documentation: https://javadoc.io/doc/org.mockito/mockito-core/latest/org/mockito/Mockito.html#0.3
WARNING: A Java agent has been loaded dynamically (/Users/roman/.m2/repository/net/bytebuddy/byte-buddy-agent/1.15.11/byte-buddy-agent-1.15.11.jar)
WARNING: If a serviceability tool is in use, please run with -XX:+EnableDynamicAgentLoading to hide this warning
WARNING: If a serviceability tool is not in use, please run with -Djdk.instrument.traceUsage for more information
WARNING: Dynamic loading of agents will be disallowed by default in a future release
]]></system-err>
  </testcase>
</testsuite>